2020-12-01 12:38:43,265 INFO    [train_distribute.py, 168] train from stracth
2020-12-01 12:39:55,568 INFO    [train_distribute.py, 168] train from stracth
2020-12-01 14:58:36,647 INFO    [train_distribute.py, 168] train from stracth
2020-12-01 15:00:34,156 INFO    [train_distribute.py, 168] train from stracth
2020-12-01 15:04:48,345 INFO    [train_distribute.py, 168] train from stracth
2020-12-01 15:07:21,829 INFO    [train_distribute.py, 168] train from stracth
2020-12-01 15:10:33,957 INFO    [train_distribute.py, 168] train from stracth
2020-12-01 20:15:45,385 INFO    [train_distribute.py, 168] train from stracth
2020-12-01 20:26:47,315 INFO    [train_distribute.py, 168] train from stracth
2020-12-01 20:31:07,191 INFO    [train_distribute.py, 168] train from stracth
2020-12-13 17:25:26,629 INFO    [train_distribute.py, 168] train from stracth
2020-12-13 22:52:29,516 INFO    [train_distribute.py, 168] train from stracth
2020-12-13 22:54:13,457 INFO    [train_distribute.py, 168] train from stracth
2020-12-13 22:55:35,230 INFO    [train_distribute.py, 168] train from stracth
2020-12-13 22:57:46,475 INFO    [train_distribute.py, 168] train from stracth
2020-12-13 22:59:58,675 INFO    [train_distribute.py, 168] train from stracth
2020-12-13 23:00:57,872 INFO    [train_distribute.py, 168] train from stracth
2020-12-14 10:28:59,953 INFO    [train_distribute.py, 168] train from stracth
2020-12-14 10:35:04,405 INFO    [train_distribute.py, 168] train from stracth
2020-12-14 11:00:26,180 INFO    [train_distribute.py, 168] train from stracth
2020-12-14 11:48:58,973 INFO    [train_distribute.py, 168] train from stracth
2020-12-14 11:51:44,603 INFO    [train_distribute.py, 168] train from stracth
2020-12-14 11:58:48,691 INFO    [train_distribute.py, 168] train from stracth
2020-12-14 12:01:26,466 INFO    [train_distribute.py, 168] train from stracth
2020-12-14 12:03:35,881 INFO    [train_distribute.py, 168] train from stracth
2020-12-14 12:04:13,922 INFO    [train_distribute.py, 168] train from stracth
2020-12-14 12:18:17,184 INFO    [train_distribute.py, 168] train from stracth
2020-12-14 12:21:45,176 INFO    [train_distribute.py, 168] train from stracth
2020-12-14 14:38:59,486 INFO    [train_distribute.py, 168] train from stracth
2020-12-14 14:55:47,838 INFO    [train_distribute.py, 168] train from stracth
2020-12-14 15:03:03,200 INFO    [train_distribute.py, 168] train from stracth
2020-12-14 22:36:59,040 INFO    [train_distribute.py, 168] train from stracth
2020-12-15 09:50:53,823 INFO    [train_distribute.py, 168] train from stracth
2020-12-15 09:54:09,480 INFO    [train_distribute.py, 168] train from stracth
2020-12-15 10:12:19,625 INFO    [train_distribute.py, 168] train from stracth
2020-12-15 10:24:42,154 INFO    [train_distribute.py, 168] train from stracth
2020-12-15 10:26:58,540 INFO    [train_distribute.py, 168] train from stracth
2020-12-15 10:29:17,802 INFO    [train_distribute.py, 168] train from stracth
2020-12-15 11:19:59,113 INFO    [train_distribute.py, 168] train from stracth
2020-12-15 11:21:13,591 INFO    [train_distribute.py, 168] train from stracth
2020-12-15 11:23:48,160 INFO    [train_distribute.py, 168] train from stracth
2020-12-15 11:24:23,650 INFO    [train_distribute.py, 168] train from stracth
2020-12-15 11:24:57,256 INFO    [train_distribute.py, 168] train from stracth
2020-12-15 11:25:22,676 INFO    [train_distribute.py, 168] train from stracth
2020-12-15 11:27:25,845 INFO    [train_distribute.py, 168] train from stracth
2020-12-15 11:34:12,062 INFO    [train_distribute.py, 168] train from stracth
2020-12-15 11:41:42,818 INFO    [train_distribute.py, 168] train from stracth
2020-12-15 12:10:03,195 INFO    [train_distribute.py, 168] train from stracth
2020-12-15 12:13:03,040 INFO    [train_distribute.py, 168] train from stracth
2020-12-15 12:14:36,092 INFO    [train_distribute.py, 168] train from stracth
2020-12-15 12:15:13,905 INFO    [train_distribute.py, 168] train from stracth
2021-01-23 19:48:44,042 INFO    [train_distribute.py, 165] load pretrained models
2021-01-23 19:48:51,716 INFO    [train_distribute.py, 165] load pretrained models
2021-01-23 21:33:09,372 INFO    [train_distribute.py, 165] load pretrained models
2021-01-23 21:38:39,986 INFO    [train_distribute.py, 165] load pretrained models
2021-01-23 21:47:23,143 INFO    [train_distribute.py, 165] load pretrained models
2021-01-23 21:47:47,630 INFO    [train_distribute.py, 165] load pretrained models
2021-01-23 21:47:57,549 INFO    [train_distribute.py, 165] load pretrained models
2021-01-23 21:48:08,022 INFO    [train_distribute.py, 165] load pretrained models
2021-01-23 21:49:33,139 INFO    [train_distribute.py, 165] load pretrained models
2021-01-25 11:18:43,746 INFO    [train_distribute.py, 165] load pretrained models
2021-01-25 11:21:30,028 INFO    [train_distribute.py, 165] load pretrained models
2021-01-25 11:26:50,477 INFO    [train_distribute.py, 168] train from scratch
2021-01-25 12:21:51,991 INFO    [train_distribute.py, 168] train from scratch
2021-01-25 12:26:22,241 INFO    [train_distribute.py, 168] train from scratch
2021-01-25 12:27:11,875 INFO    [train_distribute.py, 168] train from scratch
2021-01-25 12:28:02,063 INFO    [train_distribute.py, 168] train from scratch
2021-01-25 12:36:48,360 INFO    [train_distribute.py, 168] train from scratch
2021-01-25 12:38:16,612 INFO    [train_distribute.py, 168] train from scratch
2021-01-25 16:20:46,699 INFO    [train_distribute.py, 168] train from scratch
2021-01-25 18:13:08,418 INFO    [train_distribute.py, 168] train from scratch
2021-02-06 10:19:50,583 INFO    [train_distribute.py, 168] train from scratch
2021-02-06 11:03:15,711 INFO    [train_distribute.py, 168] train from scratch
2021-02-06 11:04:04,377 INFO    [train_distribute.py, 168] train from scratch
2021-02-06 11:06:26,246 INFO    [train_distribute.py, 168] train from scratch
2021-02-06 11:13:07,187 INFO    [train_distribute.py, 168] train from scratch
2021-02-06 11:13:31,520 INFO    [train_distribute.py, 168] train from scratch
2021-02-06 11:15:24,562 INFO    [train_distribute.py, 264] Training cost: 113.443183184seconds
2021-02-06 11:15:24,563 INFO    [train_distribute.py, 265] Save final models
2021-02-06 11:18:55,565 INFO    [train_distribute.py, 168] train from scratch
2021-02-06 11:19:05,584 INFO    [train_distribute.py, 168] train from scratch
