2021-02-18 20:18:58,185 INFO    [train_distribute.py, 178] train from scratch
2021-02-18 20:25:08,394 INFO    [train_distribute.py, 299] Training cost: 371.739470959seconds
2021-02-18 20:25:08,394 INFO    [train_distribute.py, 300] Save final models
2021-02-18 22:06:48,840 INFO    [train_distribute.py, 178] train from scratch
2021-02-18 22:12:59,060 INFO    [train_distribute.py, 299] Training cost: 371.702910185seconds
2021-02-18 22:12:59,060 INFO    [train_distribute.py, 300] Save final models
2021-02-18 22:27:59,514 INFO    [train_distribute.py, 178] train from scratch
2021-02-18 22:32:23,600 INFO    [train_distribute.py, 178] train from scratch
2021-02-18 22:32:31,030 INFO    Summary name Loss vs Iteration is illegal; using Loss_vs_Iteration instead.
2021-02-18 22:32:36,086 INFO    Summary name Loss vs Iteration is illegal; using Loss_vs_Iteration instead.
2021-02-18 22:32:36,675 INFO    Summary name Loss vs Iteration is illegal; using Loss_vs_Iteration instead.
2021-02-18 22:32:37,263 INFO    Summary name Loss vs Iteration is illegal; using Loss_vs_Iteration instead.
2021-02-18 22:32:37,851 INFO    Summary name Loss vs Iteration is illegal; using Loss_vs_Iteration instead.
2021-02-18 22:32:38,434 INFO    Summary name Loss vs Iteration is illegal; using Loss_vs_Iteration instead.
2021-02-18 22:32:39,018 INFO    Summary name Loss vs Iteration is illegal; using Loss_vs_Iteration instead.
2021-02-18 22:32:39,598 INFO    Summary name Loss vs Iteration is illegal; using Loss_vs_Iteration instead.
2021-02-18 22:32:40,178 INFO    Summary name Loss vs Iteration is illegal; using Loss_vs_Iteration instead.
2021-02-18 22:32:40,758 INFO    Summary name Loss vs Iteration is illegal; using Loss_vs_Iteration instead.
2021-02-18 22:32:41,341 INFO    Summary name Loss vs Iteration is illegal; using Loss_vs_Iteration instead.
2021-02-18 22:32:41,922 INFO    Summary name Loss vs Iteration is illegal; using Loss_vs_Iteration instead.
2021-02-18 22:32:42,504 INFO    Summary name Loss vs Iteration is illegal; using Loss_vs_Iteration instead.
2021-02-18 22:32:43,084 INFO    Summary name Loss vs Iteration is illegal; using Loss_vs_Iteration instead.
2021-02-18 22:32:43,666 INFO    Summary name Loss vs Iteration is illegal; using Loss_vs_Iteration instead.
2021-02-18 22:32:44,245 INFO    Summary name Loss vs Iteration is illegal; using Loss_vs_Iteration instead.
2021-02-18 22:32:44,828 INFO    Summary name Loss vs Iteration is illegal; using Loss_vs_Iteration instead.
2021-02-18 22:32:45,412 INFO    Summary name Loss vs Iteration is illegal; using Loss_vs_Iteration instead.
2021-02-18 22:32:45,990 INFO    Summary name Loss vs Iteration is illegal; using Loss_vs_Iteration instead.
2021-02-18 22:32:46,572 INFO    Summary name Loss vs Iteration is illegal; using Loss_vs_Iteration instead.
2021-02-18 22:32:47,152 INFO    Summary name Loss vs Iteration is illegal; using Loss_vs_Iteration instead.
2021-02-18 22:32:47,734 INFO    Summary name Loss vs Iteration is illegal; using Loss_vs_Iteration instead.
2021-02-18 22:32:48,316 INFO    Summary name Loss vs Iteration is illegal; using Loss_vs_Iteration instead.
2021-02-18 22:32:48,896 INFO    Summary name Loss vs Iteration is illegal; using Loss_vs_Iteration instead.
2021-02-18 22:32:49,476 INFO    Summary name Loss vs Iteration is illegal; using Loss_vs_Iteration instead.
2021-02-18 22:32:50,059 INFO    Summary name Loss vs Iteration is illegal; using Loss_vs_Iteration instead.
2021-02-18 22:32:50,641 INFO    Summary name Loss vs Iteration is illegal; using Loss_vs_Iteration instead.
2021-02-18 22:32:51,222 INFO    Summary name Loss vs Iteration is illegal; using Loss_vs_Iteration instead.
2021-02-18 22:32:51,803 INFO    Summary name Loss vs Iteration is illegal; using Loss_vs_Iteration instead.
2021-02-18 22:32:52,386 INFO    Summary name Loss vs Iteration is illegal; using Loss_vs_Iteration instead.
2021-02-18 22:32:52,969 INFO    Summary name Loss vs Iteration is illegal; using Loss_vs_Iteration instead.
2021-02-18 22:32:53,549 INFO    Summary name Loss vs Iteration is illegal; using Loss_vs_Iteration instead.
2021-02-18 22:32:54,127 INFO    Summary name Loss vs Iteration is illegal; using Loss_vs_Iteration instead.
2021-02-18 22:32:54,710 INFO    Summary name Loss vs Iteration is illegal; using Loss_vs_Iteration instead.
2021-02-18 22:32:55,290 INFO    Summary name Loss vs Iteration is illegal; using Loss_vs_Iteration instead.
2021-02-18 22:32:55,875 INFO    Summary name Loss vs Iteration is illegal; using Loss_vs_Iteration instead.
2021-02-18 22:32:56,455 INFO    Summary name Loss vs Iteration is illegal; using Loss_vs_Iteration instead.
2021-02-18 22:32:57,037 INFO    Summary name Loss vs Iteration is illegal; using Loss_vs_Iteration instead.
2021-02-18 22:32:57,623 INFO    Summary name Loss vs Iteration is illegal; using Loss_vs_Iteration instead.
2021-02-18 22:32:58,205 INFO    Summary name Loss vs Iteration is illegal; using Loss_vs_Iteration instead.
2021-02-18 22:32:58,789 INFO    Summary name Loss vs Iteration is illegal; using Loss_vs_Iteration instead.
2021-02-18 22:32:59,371 INFO    Summary name Loss vs Iteration is illegal; using Loss_vs_Iteration instead.
2021-02-18 22:32:59,958 INFO    Summary name Loss vs Iteration is illegal; using Loss_vs_Iteration instead.
2021-02-18 22:33:00,535 INFO    Summary name Loss vs Iteration is illegal; using Loss_vs_Iteration instead.
2021-02-18 22:33:01,112 INFO    Summary name Loss vs Iteration is illegal; using Loss_vs_Iteration instead.
2021-02-18 22:33:01,692 INFO    Summary name Loss vs Iteration is illegal; using Loss_vs_Iteration instead.
2021-02-18 22:33:02,270 INFO    Summary name Loss vs Iteration is illegal; using Loss_vs_Iteration instead.
2021-02-18 22:33:02,853 INFO    Summary name Loss vs Iteration is illegal; using Loss_vs_Iteration instead.
2021-02-18 22:33:03,435 INFO    Summary name Loss vs Iteration is illegal; using Loss_vs_Iteration instead.
2021-02-18 22:33:04,016 INFO    Summary name Loss vs Iteration is illegal; using Loss_vs_Iteration instead.
2021-02-18 22:33:04,601 INFO    Summary name Loss vs Iteration is illegal; using Loss_vs_Iteration instead.
2021-02-18 22:33:05,181 INFO    Summary name Loss vs Iteration is illegal; using Loss_vs_Iteration instead.
2021-02-18 22:33:05,764 INFO    Summary name Loss vs Iteration is illegal; using Loss_vs_Iteration instead.
2021-02-18 22:33:06,343 INFO    Summary name Loss vs Iteration is illegal; using Loss_vs_Iteration instead.
2021-02-18 22:33:06,921 INFO    Summary name Loss vs Iteration is illegal; using Loss_vs_Iteration instead.
2021-02-18 22:33:07,503 INFO    Summary name Loss vs Iteration is illegal; using Loss_vs_Iteration instead.
2021-02-18 22:33:08,082 INFO    Summary name Loss vs Iteration is illegal; using Loss_vs_Iteration instead.
2021-02-18 22:33:08,662 INFO    Summary name Loss vs Iteration is illegal; using Loss_vs_Iteration instead.
2021-02-18 22:33:09,245 INFO    Summary name Loss vs Iteration is illegal; using Loss_vs_Iteration instead.
2021-02-18 22:33:09,825 INFO    Summary name Loss vs Iteration is illegal; using Loss_vs_Iteration instead.
2021-02-18 22:33:10,403 INFO    Summary name Loss vs Iteration is illegal; using Loss_vs_Iteration instead.
2021-02-18 22:33:10,985 INFO    Summary name Loss vs Iteration is illegal; using Loss_vs_Iteration instead.
2021-02-18 22:33:11,564 INFO    Summary name Loss vs Iteration is illegal; using Loss_vs_Iteration instead.
2021-02-18 22:33:12,146 INFO    Summary name Loss vs Iteration is illegal; using Loss_vs_Iteration instead.
2021-02-18 22:33:12,726 INFO    Summary name Loss vs Iteration is illegal; using Loss_vs_Iteration instead.
2021-02-18 22:33:13,307 INFO    Summary name Loss vs Iteration is illegal; using Loss_vs_Iteration instead.
2021-02-18 22:33:13,892 INFO    Summary name Loss vs Iteration is illegal; using Loss_vs_Iteration instead.
2021-02-18 22:33:14,477 INFO    Summary name Loss vs Iteration is illegal; using Loss_vs_Iteration instead.
2021-02-18 22:33:15,060 INFO    Summary name Loss vs Iteration is illegal; using Loss_vs_Iteration instead.
2021-02-18 22:33:15,642 INFO    Summary name Loss vs Iteration is illegal; using Loss_vs_Iteration instead.
2021-02-18 22:33:16,226 INFO    Summary name Loss vs Iteration is illegal; using Loss_vs_Iteration instead.
2021-02-18 22:33:16,808 INFO    Summary name Loss vs Iteration is illegal; using Loss_vs_Iteration instead.
2021-02-18 22:33:17,389 INFO    Summary name Loss vs Iteration is illegal; using Loss_vs_Iteration instead.
2021-02-18 22:33:17,969 INFO    Summary name Loss vs Iteration is illegal; using Loss_vs_Iteration instead.
2021-02-18 22:33:18,553 INFO    Summary name Loss vs Iteration is illegal; using Loss_vs_Iteration instead.
2021-02-18 22:33:19,132 INFO    Summary name Loss vs Iteration is illegal; using Loss_vs_Iteration instead.
2021-02-18 22:33:19,715 INFO    Summary name Loss vs Iteration is illegal; using Loss_vs_Iteration instead.
2021-02-18 22:33:20,297 INFO    Summary name Loss vs Iteration is illegal; using Loss_vs_Iteration instead.
2021-02-18 22:33:20,881 INFO    Summary name Loss vs Iteration is illegal; using Loss_vs_Iteration instead.
2021-02-18 22:33:21,461 INFO    Summary name Loss vs Iteration is illegal; using Loss_vs_Iteration instead.
2021-02-18 22:33:22,045 INFO    Summary name Loss vs Iteration is illegal; using Loss_vs_Iteration instead.
2021-02-18 22:33:22,626 INFO    Summary name Loss vs Iteration is illegal; using Loss_vs_Iteration instead.
2021-02-18 22:33:23,205 INFO    Summary name Loss vs Iteration is illegal; using Loss_vs_Iteration instead.
2021-02-18 22:33:23,785 INFO    Summary name Loss vs Iteration is illegal; using Loss_vs_Iteration instead.
2021-02-18 22:33:24,362 INFO    Summary name Loss vs Iteration is illegal; using Loss_vs_Iteration instead.
2021-02-18 22:33:24,945 INFO    Summary name Loss vs Iteration is illegal; using Loss_vs_Iteration instead.
2021-02-18 22:33:25,528 INFO    Summary name Loss vs Iteration is illegal; using Loss_vs_Iteration instead.
2021-02-18 22:33:26,111 INFO    Summary name Loss vs Iteration is illegal; using Loss_vs_Iteration instead.
2021-02-18 22:33:26,691 INFO    Summary name Loss vs Iteration is illegal; using Loss_vs_Iteration instead.
2021-02-18 22:33:27,269 INFO    Summary name Loss vs Iteration is illegal; using Loss_vs_Iteration instead.
2021-02-18 22:33:27,865 INFO    Summary name Loss vs Iteration is illegal; using Loss_vs_Iteration instead.
2021-02-18 22:33:28,448 INFO    Summary name Loss vs Iteration is illegal; using Loss_vs_Iteration instead.
2021-02-18 22:33:29,028 INFO    Summary name Loss vs Iteration is illegal; using Loss_vs_Iteration instead.
2021-02-18 22:33:29,613 INFO    Summary name Loss vs Iteration is illegal; using Loss_vs_Iteration instead.
2021-02-18 22:33:30,196 INFO    Summary name Loss vs Iteration is illegal; using Loss_vs_Iteration instead.
2021-02-18 22:33:30,776 INFO    Summary name Loss vs Iteration is illegal; using Loss_vs_Iteration instead.
2021-02-18 22:33:31,357 INFO    Summary name Loss vs Iteration is illegal; using Loss_vs_Iteration instead.
2021-02-18 22:33:31,939 INFO    Summary name Loss vs Iteration is illegal; using Loss_vs_Iteration instead.
2021-02-18 22:33:32,516 INFO    Summary name Loss vs Iteration is illegal; using Loss_vs_Iteration instead.
2021-02-18 22:33:33,099 INFO    Summary name Loss vs Iteration is illegal; using Loss_vs_Iteration instead.
2021-02-18 22:33:33,681 INFO    Summary name Loss vs Iteration is illegal; using Loss_vs_Iteration instead.
2021-02-18 22:33:34,260 INFO    Summary name Loss vs Iteration is illegal; using Loss_vs_Iteration instead.
2021-02-18 22:33:34,841 INFO    Summary name Loss vs Iteration is illegal; using Loss_vs_Iteration instead.
2021-02-18 22:33:35,424 INFO    Summary name Loss vs Iteration is illegal; using Loss_vs_Iteration instead.
2021-02-18 22:33:36,006 INFO    Summary name Loss vs Iteration is illegal; using Loss_vs_Iteration instead.
2021-02-18 22:33:36,588 INFO    Summary name Loss vs Iteration is illegal; using Loss_vs_Iteration instead.
2021-02-18 22:33:37,167 INFO    Summary name Loss vs Iteration is illegal; using Loss_vs_Iteration instead.
2021-02-18 22:33:37,747 INFO    Summary name Loss vs Iteration is illegal; using Loss_vs_Iteration instead.
2021-02-18 22:33:38,329 INFO    Summary name Loss vs Iteration is illegal; using Loss_vs_Iteration instead.
2021-02-18 22:33:38,910 INFO    Summary name Loss vs Iteration is illegal; using Loss_vs_Iteration instead.
2021-02-18 22:33:39,491 INFO    Summary name Loss vs Iteration is illegal; using Loss_vs_Iteration instead.
2021-02-18 22:33:40,072 INFO    Summary name Loss vs Iteration is illegal; using Loss_vs_Iteration instead.
2021-02-18 22:33:40,653 INFO    Summary name Loss vs Iteration is illegal; using Loss_vs_Iteration instead.
2021-02-18 22:33:41,235 INFO    Summary name Loss vs Iteration is illegal; using Loss_vs_Iteration instead.
2021-02-18 22:33:41,814 INFO    Summary name Loss vs Iteration is illegal; using Loss_vs_Iteration instead.
2021-02-18 22:33:42,393 INFO    Summary name Loss vs Iteration is illegal; using Loss_vs_Iteration instead.
2021-02-18 22:33:42,973 INFO    Summary name Loss vs Iteration is illegal; using Loss_vs_Iteration instead.
2021-02-18 22:33:43,555 INFO    Summary name Loss vs Iteration is illegal; using Loss_vs_Iteration instead.
2021-02-18 22:33:44,140 INFO    Summary name Loss vs Iteration is illegal; using Loss_vs_Iteration instead.
2021-02-18 22:33:44,719 INFO    Summary name Loss vs Iteration is illegal; using Loss_vs_Iteration instead.
2021-02-18 22:33:45,300 INFO    Summary name Loss vs Iteration is illegal; using Loss_vs_Iteration instead.
2021-02-18 22:33:45,879 INFO    Summary name Loss vs Iteration is illegal; using Loss_vs_Iteration instead.
2021-02-18 22:33:46,320 INFO    Summary name Loss vs Epoch is illegal; using Loss_vs_Epoch instead.
2021-02-18 22:33:47,617 INFO    Summary name Loss vs Iteration is illegal; using Loss_vs_Iteration instead.
2021-02-18 22:33:48,205 INFO    Summary name Loss vs Iteration is illegal; using Loss_vs_Iteration instead.
2021-02-18 22:33:48,788 INFO    Summary name Loss vs Iteration is illegal; using Loss_vs_Iteration instead.
2021-02-18 22:33:49,369 INFO    Summary name Loss vs Iteration is illegal; using Loss_vs_Iteration instead.
2021-02-18 22:33:49,947 INFO    Summary name Loss vs Iteration is illegal; using Loss_vs_Iteration instead.
2021-02-18 22:33:50,526 INFO    Summary name Loss vs Iteration is illegal; using Loss_vs_Iteration instead.
2021-02-18 22:33:51,109 INFO    Summary name Loss vs Iteration is illegal; using Loss_vs_Iteration instead.
2021-02-18 22:33:51,692 INFO    Summary name Loss vs Iteration is illegal; using Loss_vs_Iteration instead.
2021-02-18 22:33:52,276 INFO    Summary name Loss vs Iteration is illegal; using Loss_vs_Iteration instead.
2021-02-18 22:33:52,857 INFO    Summary name Loss vs Iteration is illegal; using Loss_vs_Iteration instead.
2021-02-18 22:33:53,437 INFO    Summary name Loss vs Iteration is illegal; using Loss_vs_Iteration instead.
2021-02-18 22:33:54,019 INFO    Summary name Loss vs Iteration is illegal; using Loss_vs_Iteration instead.
2021-02-18 22:33:54,599 INFO    Summary name Loss vs Iteration is illegal; using Loss_vs_Iteration instead.
2021-02-18 22:33:55,184 INFO    Summary name Loss vs Iteration is illegal; using Loss_vs_Iteration instead.
2021-02-18 22:33:55,768 INFO    Summary name Loss vs Iteration is illegal; using Loss_vs_Iteration instead.
2021-02-18 22:33:56,356 INFO    Summary name Loss vs Iteration is illegal; using Loss_vs_Iteration instead.
2021-02-18 22:33:56,939 INFO    Summary name Loss vs Iteration is illegal; using Loss_vs_Iteration instead.
2021-02-18 22:33:57,516 INFO    Summary name Loss vs Iteration is illegal; using Loss_vs_Iteration instead.
2021-02-18 22:33:58,100 INFO    Summary name Loss vs Iteration is illegal; using Loss_vs_Iteration instead.
2021-02-18 22:33:58,679 INFO    Summary name Loss vs Iteration is illegal; using Loss_vs_Iteration instead.
2021-02-18 22:33:59,260 INFO    Summary name Loss vs Iteration is illegal; using Loss_vs_Iteration instead.
2021-02-18 22:33:59,840 INFO    Summary name Loss vs Iteration is illegal; using Loss_vs_Iteration instead.
2021-02-18 22:34:00,425 INFO    Summary name Loss vs Iteration is illegal; using Loss_vs_Iteration instead.
2021-02-18 22:34:01,005 INFO    Summary name Loss vs Iteration is illegal; using Loss_vs_Iteration instead.
2021-02-18 22:34:01,589 INFO    Summary name Loss vs Iteration is illegal; using Loss_vs_Iteration instead.
2021-02-18 22:34:02,172 INFO    Summary name Loss vs Iteration is illegal; using Loss_vs_Iteration instead.
2021-02-18 22:34:02,754 INFO    Summary name Loss vs Iteration is illegal; using Loss_vs_Iteration instead.
2021-02-18 22:34:03,334 INFO    Summary name Loss vs Iteration is illegal; using Loss_vs_Iteration instead.
2021-02-18 22:34:03,917 INFO    Summary name Loss vs Iteration is illegal; using Loss_vs_Iteration instead.
2021-02-18 22:34:04,499 INFO    Summary name Loss vs Iteration is illegal; using Loss_vs_Iteration instead.
2021-02-18 22:34:05,084 INFO    Summary name Loss vs Iteration is illegal; using Loss_vs_Iteration instead.
2021-02-18 22:34:05,667 INFO    Summary name Loss vs Iteration is illegal; using Loss_vs_Iteration instead.
2021-02-18 22:34:06,248 INFO    Summary name Loss vs Iteration is illegal; using Loss_vs_Iteration instead.
2021-02-18 22:34:06,828 INFO    Summary name Loss vs Iteration is illegal; using Loss_vs_Iteration instead.
2021-02-18 22:34:07,410 INFO    Summary name Loss vs Iteration is illegal; using Loss_vs_Iteration instead.
2021-02-18 22:34:07,996 INFO    Summary name Loss vs Iteration is illegal; using Loss_vs_Iteration instead.
2021-02-18 22:34:08,573 INFO    Summary name Loss vs Iteration is illegal; using Loss_vs_Iteration instead.
2021-02-18 22:34:09,157 INFO    Summary name Loss vs Iteration is illegal; using Loss_vs_Iteration instead.
2021-02-18 22:34:09,740 INFO    Summary name Loss vs Iteration is illegal; using Loss_vs_Iteration instead.
2021-02-18 22:34:10,321 INFO    Summary name Loss vs Iteration is illegal; using Loss_vs_Iteration instead.
2021-02-18 22:34:10,901 INFO    Summary name Loss vs Iteration is illegal; using Loss_vs_Iteration instead.
2021-02-18 22:34:11,482 INFO    Summary name Loss vs Iteration is illegal; using Loss_vs_Iteration instead.
2021-02-18 22:34:12,066 INFO    Summary name Loss vs Iteration is illegal; using Loss_vs_Iteration instead.
2021-02-18 22:34:12,649 INFO    Summary name Loss vs Iteration is illegal; using Loss_vs_Iteration instead.
2021-02-18 22:34:13,232 INFO    Summary name Loss vs Iteration is illegal; using Loss_vs_Iteration instead.
2021-02-18 22:34:13,815 INFO    Summary name Loss vs Iteration is illegal; using Loss_vs_Iteration instead.
2021-02-18 22:34:14,396 INFO    Summary name Loss vs Iteration is illegal; using Loss_vs_Iteration instead.
2021-02-18 22:34:14,980 INFO    Summary name Loss vs Iteration is illegal; using Loss_vs_Iteration instead.
2021-02-18 22:34:15,561 INFO    Summary name Loss vs Iteration is illegal; using Loss_vs_Iteration instead.
2021-02-18 22:34:16,142 INFO    Summary name Loss vs Iteration is illegal; using Loss_vs_Iteration instead.
2021-02-18 22:34:16,723 INFO    Summary name Loss vs Iteration is illegal; using Loss_vs_Iteration instead.
2021-02-18 22:34:17,308 INFO    Summary name Loss vs Iteration is illegal; using Loss_vs_Iteration instead.
2021-02-18 22:34:17,892 INFO    Summary name Loss vs Iteration is illegal; using Loss_vs_Iteration instead.
2021-02-18 22:34:18,475 INFO    Summary name Loss vs Iteration is illegal; using Loss_vs_Iteration instead.
2021-02-18 22:34:19,056 INFO    Summary name Loss vs Iteration is illegal; using Loss_vs_Iteration instead.
2021-02-18 22:34:19,639 INFO    Summary name Loss vs Iteration is illegal; using Loss_vs_Iteration instead.
2021-02-18 22:34:20,221 INFO    Summary name Loss vs Iteration is illegal; using Loss_vs_Iteration instead.
2021-02-18 22:34:20,803 INFO    Summary name Loss vs Iteration is illegal; using Loss_vs_Iteration instead.
2021-02-18 22:34:21,384 INFO    Summary name Loss vs Iteration is illegal; using Loss_vs_Iteration instead.
2021-02-18 22:34:21,972 INFO    Summary name Loss vs Iteration is illegal; using Loss_vs_Iteration instead.
2021-02-18 22:34:22,554 INFO    Summary name Loss vs Iteration is illegal; using Loss_vs_Iteration instead.
2021-02-18 22:34:23,139 INFO    Summary name Loss vs Iteration is illegal; using Loss_vs_Iteration instead.
2021-02-18 22:34:23,723 INFO    Summary name Loss vs Iteration is illegal; using Loss_vs_Iteration instead.
2021-02-18 22:34:24,306 INFO    Summary name Loss vs Iteration is illegal; using Loss_vs_Iteration instead.
2021-02-18 22:34:24,886 INFO    Summary name Loss vs Iteration is illegal; using Loss_vs_Iteration instead.
2021-02-18 22:34:25,465 INFO    Summary name Loss vs Iteration is illegal; using Loss_vs_Iteration instead.
2021-02-18 22:34:26,050 INFO    Summary name Loss vs Iteration is illegal; using Loss_vs_Iteration instead.
2021-02-18 22:34:26,630 INFO    Summary name Loss vs Iteration is illegal; using Loss_vs_Iteration instead.
2021-02-18 22:34:27,215 INFO    Summary name Loss vs Iteration is illegal; using Loss_vs_Iteration instead.
2021-02-18 22:34:27,796 INFO    Summary name Loss vs Iteration is illegal; using Loss_vs_Iteration instead.
2021-02-18 22:34:28,379 INFO    Summary name Loss vs Iteration is illegal; using Loss_vs_Iteration instead.
2021-02-18 22:34:28,963 INFO    Summary name Loss vs Iteration is illegal; using Loss_vs_Iteration instead.
2021-02-18 22:34:29,546 INFO    Summary name Loss vs Iteration is illegal; using Loss_vs_Iteration instead.
2021-02-18 22:34:30,132 INFO    Summary name Loss vs Iteration is illegal; using Loss_vs_Iteration instead.
2021-02-18 22:34:30,717 INFO    Summary name Loss vs Iteration is illegal; using Loss_vs_Iteration instead.
2021-02-18 22:34:31,298 INFO    Summary name Loss vs Iteration is illegal; using Loss_vs_Iteration instead.
2021-02-18 22:34:31,880 INFO    Summary name Loss vs Iteration is illegal; using Loss_vs_Iteration instead.
2021-02-18 22:34:32,462 INFO    Summary name Loss vs Iteration is illegal; using Loss_vs_Iteration instead.
2021-02-18 22:34:33,044 INFO    Summary name Loss vs Iteration is illegal; using Loss_vs_Iteration instead.
2021-02-18 22:34:33,628 INFO    Summary name Loss vs Iteration is illegal; using Loss_vs_Iteration instead.
2021-02-18 22:34:34,208 INFO    Summary name Loss vs Iteration is illegal; using Loss_vs_Iteration instead.
2021-02-18 22:34:34,792 INFO    Summary name Loss vs Iteration is illegal; using Loss_vs_Iteration instead.
2021-02-18 22:34:35,374 INFO    Summary name Loss vs Iteration is illegal; using Loss_vs_Iteration instead.
2021-02-18 22:34:35,957 INFO    Summary name Loss vs Iteration is illegal; using Loss_vs_Iteration instead.
2021-02-18 22:34:36,539 INFO    Summary name Loss vs Iteration is illegal; using Loss_vs_Iteration instead.
2021-02-18 22:34:37,116 INFO    Summary name Loss vs Iteration is illegal; using Loss_vs_Iteration instead.
2021-02-18 22:34:37,699 INFO    Summary name Loss vs Iteration is illegal; using Loss_vs_Iteration instead.
2021-02-18 22:34:38,284 INFO    Summary name Loss vs Iteration is illegal; using Loss_vs_Iteration instead.
2021-02-18 22:34:38,866 INFO    Summary name Loss vs Iteration is illegal; using Loss_vs_Iteration instead.
2021-02-18 22:34:39,451 INFO    Summary name Loss vs Iteration is illegal; using Loss_vs_Iteration instead.
2021-02-18 22:34:40,035 INFO    Summary name Loss vs Iteration is illegal; using Loss_vs_Iteration instead.
2021-02-18 22:34:40,617 INFO    Summary name Loss vs Iteration is illegal; using Loss_vs_Iteration instead.
2021-02-18 22:34:41,198 INFO    Summary name Loss vs Iteration is illegal; using Loss_vs_Iteration instead.
2021-02-18 22:34:41,778 INFO    Summary name Loss vs Iteration is illegal; using Loss_vs_Iteration instead.
2021-02-18 22:34:42,361 INFO    Summary name Loss vs Iteration is illegal; using Loss_vs_Iteration instead.
2021-02-18 22:34:42,946 INFO    Summary name Loss vs Iteration is illegal; using Loss_vs_Iteration instead.
2021-02-18 22:34:43,528 INFO    Summary name Loss vs Iteration is illegal; using Loss_vs_Iteration instead.
2021-02-18 22:34:44,112 INFO    Summary name Loss vs Iteration is illegal; using Loss_vs_Iteration instead.
2021-02-18 22:34:44,696 INFO    Summary name Loss vs Iteration is illegal; using Loss_vs_Iteration instead.
2021-02-18 22:34:45,279 INFO    Summary name Loss vs Iteration is illegal; using Loss_vs_Iteration instead.
2021-02-18 22:34:45,860 INFO    Summary name Loss vs Iteration is illegal; using Loss_vs_Iteration instead.
2021-02-18 22:34:46,440 INFO    Summary name Loss vs Iteration is illegal; using Loss_vs_Iteration instead.
2021-02-18 22:34:47,020 INFO    Summary name Loss vs Iteration is illegal; using Loss_vs_Iteration instead.
2021-02-18 22:34:47,604 INFO    Summary name Loss vs Iteration is illegal; using Loss_vs_Iteration instead.
2021-02-18 22:34:48,189 INFO    Summary name Loss vs Iteration is illegal; using Loss_vs_Iteration instead.
2021-02-18 22:34:48,768 INFO    Summary name Loss vs Iteration is illegal; using Loss_vs_Iteration instead.
2021-02-18 22:34:49,347 INFO    Summary name Loss vs Iteration is illegal; using Loss_vs_Iteration instead.
2021-02-18 22:34:49,933 INFO    Summary name Loss vs Iteration is illegal; using Loss_vs_Iteration instead.
2021-02-18 22:34:50,516 INFO    Summary name Loss vs Iteration is illegal; using Loss_vs_Iteration instead.
2021-02-18 22:34:51,097 INFO    Summary name Loss vs Iteration is illegal; using Loss_vs_Iteration instead.
2021-02-18 22:34:51,678 INFO    Summary name Loss vs Iteration is illegal; using Loss_vs_Iteration instead.
2021-02-18 22:34:52,253 INFO    Summary name Loss vs Iteration is illegal; using Loss_vs_Iteration instead.
2021-02-18 22:34:52,834 INFO    Summary name Loss vs Iteration is illegal; using Loss_vs_Iteration instead.
2021-02-18 22:34:53,417 INFO    Summary name Loss vs Iteration is illegal; using Loss_vs_Iteration instead.
2021-02-18 22:34:53,996 INFO    Summary name Loss vs Iteration is illegal; using Loss_vs_Iteration instead.
2021-02-18 22:34:54,579 INFO    Summary name Loss vs Iteration is illegal; using Loss_vs_Iteration instead.
2021-02-18 22:34:55,162 INFO    Summary name Loss vs Iteration is illegal; using Loss_vs_Iteration instead.
2021-02-18 22:34:55,741 INFO    Summary name Loss vs Iteration is illegal; using Loss_vs_Iteration instead.
2021-02-18 22:34:56,322 INFO    Summary name Loss vs Iteration is illegal; using Loss_vs_Iteration instead.
2021-02-18 22:34:56,900 INFO    Summary name Loss vs Iteration is illegal; using Loss_vs_Iteration instead.
2021-02-18 22:34:57,476 INFO    Summary name Loss vs Iteration is illegal; using Loss_vs_Iteration instead.
2021-02-18 22:34:58,055 INFO    Summary name Loss vs Iteration is illegal; using Loss_vs_Iteration instead.
2021-02-18 22:34:58,511 INFO    Summary name Loss vs Epoch is illegal; using Loss_vs_Epoch instead.
2021-02-18 22:34:59,410 INFO    Summary name Loss vs Iteration is illegal; using Loss_vs_Iteration instead.
2021-02-18 22:34:59,997 INFO    Summary name Loss vs Iteration is illegal; using Loss_vs_Iteration instead.
2021-02-18 22:35:00,588 INFO    Summary name Loss vs Iteration is illegal; using Loss_vs_Iteration instead.
2021-02-18 22:35:01,170 INFO    Summary name Loss vs Iteration is illegal; using Loss_vs_Iteration instead.
2021-02-18 22:35:01,750 INFO    Summary name Loss vs Iteration is illegal; using Loss_vs_Iteration instead.
2021-02-18 22:35:02,332 INFO    Summary name Loss vs Iteration is illegal; using Loss_vs_Iteration instead.
2021-02-18 22:35:02,909 INFO    Summary name Loss vs Iteration is illegal; using Loss_vs_Iteration instead.
2021-02-18 22:35:03,475 INFO    Summary name Loss vs Iteration is illegal; using Loss_vs_Iteration instead.
2021-02-18 22:35:04,046 INFO    Summary name Loss vs Iteration is illegal; using Loss_vs_Iteration instead.
2021-02-18 22:35:04,611 INFO    Summary name Loss vs Iteration is illegal; using Loss_vs_Iteration instead.
2021-02-18 22:35:05,115 INFO    Summary name Loss vs Iteration is illegal; using Loss_vs_Iteration instead.
2021-02-18 22:35:05,625 INFO    Summary name Loss vs Iteration is illegal; using Loss_vs_Iteration instead.
2021-02-18 22:35:06,133 INFO    Summary name Loss vs Iteration is illegal; using Loss_vs_Iteration instead.
2021-02-18 22:35:06,640 INFO    Summary name Loss vs Iteration is illegal; using Loss_vs_Iteration instead.
2021-02-18 22:35:07,148 INFO    Summary name Loss vs Iteration is illegal; using Loss_vs_Iteration instead.
2021-02-18 22:35:07,681 INFO    Summary name Loss vs Iteration is illegal; using Loss_vs_Iteration instead.
2021-02-18 22:35:08,300 INFO    Summary name Loss vs Iteration is illegal; using Loss_vs_Iteration instead.
2021-02-18 22:35:08,882 INFO    Summary name Loss vs Iteration is illegal; using Loss_vs_Iteration instead.
2021-02-18 22:35:09,463 INFO    Summary name Loss vs Iteration is illegal; using Loss_vs_Iteration instead.
2021-02-18 22:35:10,045 INFO    Summary name Loss vs Iteration is illegal; using Loss_vs_Iteration instead.
2021-02-18 22:35:10,630 INFO    Summary name Loss vs Iteration is illegal; using Loss_vs_Iteration instead.
2021-02-18 22:35:11,211 INFO    Summary name Loss vs Iteration is illegal; using Loss_vs_Iteration instead.
2021-02-18 22:35:11,791 INFO    Summary name Loss vs Iteration is illegal; using Loss_vs_Iteration instead.
2021-02-18 22:35:12,371 INFO    Summary name Loss vs Iteration is illegal; using Loss_vs_Iteration instead.
2021-02-18 22:35:12,955 INFO    Summary name Loss vs Iteration is illegal; using Loss_vs_Iteration instead.
2021-02-18 22:35:13,538 INFO    Summary name Loss vs Iteration is illegal; using Loss_vs_Iteration instead.
2021-02-18 22:35:14,122 INFO    Summary name Loss vs Iteration is illegal; using Loss_vs_Iteration instead.
2021-02-18 22:35:14,706 INFO    Summary name Loss vs Iteration is illegal; using Loss_vs_Iteration instead.
2021-02-18 22:35:15,288 INFO    Summary name Loss vs Iteration is illegal; using Loss_vs_Iteration instead.
2021-02-18 22:35:15,872 INFO    Summary name Loss vs Iteration is illegal; using Loss_vs_Iteration instead.
2021-02-18 22:35:16,454 INFO    Summary name Loss vs Iteration is illegal; using Loss_vs_Iteration instead.
2021-02-18 22:35:17,037 INFO    Summary name Loss vs Iteration is illegal; using Loss_vs_Iteration instead.
2021-02-18 22:35:17,618 INFO    Summary name Loss vs Iteration is illegal; using Loss_vs_Iteration instead.
2021-02-18 22:35:18,197 INFO    Summary name Loss vs Iteration is illegal; using Loss_vs_Iteration instead.
2021-02-18 22:35:18,781 INFO    Summary name Loss vs Iteration is illegal; using Loss_vs_Iteration instead.
2021-02-18 22:35:19,365 INFO    Summary name Loss vs Iteration is illegal; using Loss_vs_Iteration instead.
2021-02-18 22:35:19,946 INFO    Summary name Loss vs Iteration is illegal; using Loss_vs_Iteration instead.
2021-02-18 22:35:20,527 INFO    Summary name Loss vs Iteration is illegal; using Loss_vs_Iteration instead.
2021-02-18 22:35:21,106 INFO    Summary name Loss vs Iteration is illegal; using Loss_vs_Iteration instead.
2021-02-18 22:35:21,690 INFO    Summary name Loss vs Iteration is illegal; using Loss_vs_Iteration instead.
2021-02-18 22:35:22,276 INFO    Summary name Loss vs Iteration is illegal; using Loss_vs_Iteration instead.
2021-02-18 22:35:22,863 INFO    Summary name Loss vs Iteration is illegal; using Loss_vs_Iteration instead.
2021-02-18 22:35:23,447 INFO    Summary name Loss vs Iteration is illegal; using Loss_vs_Iteration instead.
2021-02-18 22:35:24,032 INFO    Summary name Loss vs Iteration is illegal; using Loss_vs_Iteration instead.
2021-02-18 22:35:24,616 INFO    Summary name Loss vs Iteration is illegal; using Loss_vs_Iteration instead.
2021-02-18 22:35:25,200 INFO    Summary name Loss vs Iteration is illegal; using Loss_vs_Iteration instead.
2021-02-18 22:35:25,781 INFO    Summary name Loss vs Iteration is illegal; using Loss_vs_Iteration instead.
2021-02-18 22:35:26,361 INFO    Summary name Loss vs Iteration is illegal; using Loss_vs_Iteration instead.
2021-02-18 22:35:26,943 INFO    Summary name Loss vs Iteration is illegal; using Loss_vs_Iteration instead.
2021-02-18 22:35:27,525 INFO    Summary name Loss vs Iteration is illegal; using Loss_vs_Iteration instead.
2021-02-18 22:35:28,111 INFO    Summary name Loss vs Iteration is illegal; using Loss_vs_Iteration instead.
2021-02-18 22:35:28,693 INFO    Summary name Loss vs Iteration is illegal; using Loss_vs_Iteration instead.
2021-02-18 22:35:29,271 INFO    Summary name Loss vs Iteration is illegal; using Loss_vs_Iteration instead.
2021-02-18 22:35:29,855 INFO    Summary name Loss vs Iteration is illegal; using Loss_vs_Iteration instead.
2021-02-18 22:35:30,436 INFO    Summary name Loss vs Iteration is illegal; using Loss_vs_Iteration instead.
2021-02-18 22:35:31,017 INFO    Summary name Loss vs Iteration is illegal; using Loss_vs_Iteration instead.
2021-02-18 22:35:31,601 INFO    Summary name Loss vs Iteration is illegal; using Loss_vs_Iteration instead.
2021-02-18 22:35:32,183 INFO    Summary name Loss vs Iteration is illegal; using Loss_vs_Iteration instead.
2021-02-18 22:35:32,766 INFO    Summary name Loss vs Iteration is illegal; using Loss_vs_Iteration instead.
2021-02-18 22:35:33,346 INFO    Summary name Loss vs Iteration is illegal; using Loss_vs_Iteration instead.
2021-02-18 22:35:33,927 INFO    Summary name Loss vs Iteration is illegal; using Loss_vs_Iteration instead.
2021-02-18 22:35:34,516 INFO    Summary name Loss vs Iteration is illegal; using Loss_vs_Iteration instead.
2021-02-18 22:35:35,100 INFO    Summary name Loss vs Iteration is illegal; using Loss_vs_Iteration instead.
2021-02-18 22:35:35,682 INFO    Summary name Loss vs Iteration is illegal; using Loss_vs_Iteration instead.
2021-02-18 22:35:36,268 INFO    Summary name Loss vs Iteration is illegal; using Loss_vs_Iteration instead.
2021-02-18 22:35:36,848 INFO    Summary name Loss vs Iteration is illegal; using Loss_vs_Iteration instead.
2021-02-18 22:35:37,428 INFO    Summary name Loss vs Iteration is illegal; using Loss_vs_Iteration instead.
2021-02-18 22:35:38,011 INFO    Summary name Loss vs Iteration is illegal; using Loss_vs_Iteration instead.
2021-02-18 22:35:38,594 INFO    Summary name Loss vs Iteration is illegal; using Loss_vs_Iteration instead.
2021-02-18 22:35:39,176 INFO    Summary name Loss vs Iteration is illegal; using Loss_vs_Iteration instead.
2021-02-18 22:35:39,757 INFO    Summary name Loss vs Iteration is illegal; using Loss_vs_Iteration instead.
2021-02-18 22:35:40,341 INFO    Summary name Loss vs Iteration is illegal; using Loss_vs_Iteration instead.
2021-02-18 22:35:40,924 INFO    Summary name Loss vs Iteration is illegal; using Loss_vs_Iteration instead.
2021-02-18 22:35:41,509 INFO    Summary name Loss vs Iteration is illegal; using Loss_vs_Iteration instead.
2021-02-18 22:35:42,095 INFO    Summary name Loss vs Iteration is illegal; using Loss_vs_Iteration instead.
2021-02-18 22:35:42,676 INFO    Summary name Loss vs Iteration is illegal; using Loss_vs_Iteration instead.
2021-02-18 22:35:43,260 INFO    Summary name Loss vs Iteration is illegal; using Loss_vs_Iteration instead.
2021-02-18 22:35:43,842 INFO    Summary name Loss vs Iteration is illegal; using Loss_vs_Iteration instead.
2021-02-18 22:35:44,424 INFO    Summary name Loss vs Iteration is illegal; using Loss_vs_Iteration instead.
2021-02-18 22:35:45,009 INFO    Summary name Loss vs Iteration is illegal; using Loss_vs_Iteration instead.
2021-02-18 22:35:45,593 INFO    Summary name Loss vs Iteration is illegal; using Loss_vs_Iteration instead.
2021-02-18 22:35:46,174 INFO    Summary name Loss vs Iteration is illegal; using Loss_vs_Iteration instead.
2021-02-18 22:35:46,757 INFO    Summary name Loss vs Iteration is illegal; using Loss_vs_Iteration instead.
2021-02-18 22:35:47,337 INFO    Summary name Loss vs Iteration is illegal; using Loss_vs_Iteration instead.
2021-02-18 22:35:47,918 INFO    Summary name Loss vs Iteration is illegal; using Loss_vs_Iteration instead.
2021-02-18 22:35:48,502 INFO    Summary name Loss vs Iteration is illegal; using Loss_vs_Iteration instead.
2021-02-18 22:35:49,088 INFO    Summary name Loss vs Iteration is illegal; using Loss_vs_Iteration instead.
2021-02-18 22:35:49,672 INFO    Summary name Loss vs Iteration is illegal; using Loss_vs_Iteration instead.
2021-02-18 22:35:50,254 INFO    Summary name Loss vs Iteration is illegal; using Loss_vs_Iteration instead.
2021-02-18 22:35:50,835 INFO    Summary name Loss vs Iteration is illegal; using Loss_vs_Iteration instead.
2021-02-18 22:35:51,417 INFO    Summary name Loss vs Iteration is illegal; using Loss_vs_Iteration instead.
2021-02-18 22:35:52,001 INFO    Summary name Loss vs Iteration is illegal; using Loss_vs_Iteration instead.
2021-02-18 22:35:52,583 INFO    Summary name Loss vs Iteration is illegal; using Loss_vs_Iteration instead.
2021-02-18 22:35:53,166 INFO    Summary name Loss vs Iteration is illegal; using Loss_vs_Iteration instead.
2021-02-18 22:35:53,748 INFO    Summary name Loss vs Iteration is illegal; using Loss_vs_Iteration instead.
2021-02-18 22:35:54,331 INFO    Summary name Loss vs Iteration is illegal; using Loss_vs_Iteration instead.
2021-02-18 22:35:54,914 INFO    Summary name Loss vs Iteration is illegal; using Loss_vs_Iteration instead.
2021-02-18 22:35:55,495 INFO    Summary name Loss vs Iteration is illegal; using Loss_vs_Iteration instead.
2021-02-18 22:35:56,079 INFO    Summary name Loss vs Iteration is illegal; using Loss_vs_Iteration instead.
2021-02-18 22:35:56,660 INFO    Summary name Loss vs Iteration is illegal; using Loss_vs_Iteration instead.
2021-02-18 22:35:57,243 INFO    Summary name Loss vs Iteration is illegal; using Loss_vs_Iteration instead.
2021-02-18 22:35:57,827 INFO    Summary name Loss vs Iteration is illegal; using Loss_vs_Iteration instead.
2021-02-18 22:35:58,409 INFO    Summary name Loss vs Iteration is illegal; using Loss_vs_Iteration instead.
2021-02-18 22:35:58,993 INFO    Summary name Loss vs Iteration is illegal; using Loss_vs_Iteration instead.
2021-02-18 22:35:59,573 INFO    Summary name Loss vs Iteration is illegal; using Loss_vs_Iteration instead.
2021-02-18 22:36:00,153 INFO    Summary name Loss vs Iteration is illegal; using Loss_vs_Iteration instead.
2021-02-18 22:36:00,734 INFO    Summary name Loss vs Iteration is illegal; using Loss_vs_Iteration instead.
2021-02-18 22:36:01,318 INFO    Summary name Loss vs Iteration is illegal; using Loss_vs_Iteration instead.
2021-02-18 22:36:01,898 INFO    Summary name Loss vs Iteration is illegal; using Loss_vs_Iteration instead.
2021-02-18 22:36:02,477 INFO    Summary name Loss vs Iteration is illegal; using Loss_vs_Iteration instead.
2021-02-18 22:36:03,059 INFO    Summary name Loss vs Iteration is illegal; using Loss_vs_Iteration instead.
2021-02-18 22:36:03,639 INFO    Summary name Loss vs Iteration is illegal; using Loss_vs_Iteration instead.
2021-02-18 22:36:04,221 INFO    Summary name Loss vs Iteration is illegal; using Loss_vs_Iteration instead.
2021-02-18 22:36:04,802 INFO    Summary name Loss vs Iteration is illegal; using Loss_vs_Iteration instead.
2021-02-18 22:36:05,382 INFO    Summary name Loss vs Iteration is illegal; using Loss_vs_Iteration instead.
2021-02-18 22:36:05,963 INFO    Summary name Loss vs Iteration is illegal; using Loss_vs_Iteration instead.
2021-02-18 22:36:06,544 INFO    Summary name Loss vs Iteration is illegal; using Loss_vs_Iteration instead.
2021-02-18 22:36:07,125 INFO    Summary name Loss vs Iteration is illegal; using Loss_vs_Iteration instead.
2021-02-18 22:36:07,707 INFO    Summary name Loss vs Iteration is illegal; using Loss_vs_Iteration instead.
2021-02-18 22:36:08,287 INFO    Summary name Loss vs Iteration is illegal; using Loss_vs_Iteration instead.
2021-02-18 22:36:08,869 INFO    Summary name Loss vs Iteration is illegal; using Loss_vs_Iteration instead.
2021-02-18 22:36:09,448 INFO    Summary name Loss vs Iteration is illegal; using Loss_vs_Iteration instead.
2021-02-18 22:36:09,900 INFO    Summary name Loss vs Epoch is illegal; using Loss_vs_Epoch instead.
2021-02-18 22:36:10,777 INFO    Summary name Loss vs Iteration is illegal; using Loss_vs_Iteration instead.
2021-02-18 22:36:11,362 INFO    Summary name Loss vs Iteration is illegal; using Loss_vs_Iteration instead.
2021-02-18 22:36:11,953 INFO    Summary name Loss vs Iteration is illegal; using Loss_vs_Iteration instead.
2021-02-18 22:36:12,533 INFO    Summary name Loss vs Iteration is illegal; using Loss_vs_Iteration instead.
2021-02-18 22:36:13,114 INFO    Summary name Loss vs Iteration is illegal; using Loss_vs_Iteration instead.
2021-02-18 22:36:13,695 INFO    Summary name Loss vs Iteration is illegal; using Loss_vs_Iteration instead.
2021-02-18 22:36:14,277 INFO    Summary name Loss vs Iteration is illegal; using Loss_vs_Iteration instead.
2021-02-18 22:36:14,860 INFO    Summary name Loss vs Iteration is illegal; using Loss_vs_Iteration instead.
2021-02-18 22:36:15,441 INFO    Summary name Loss vs Iteration is illegal; using Loss_vs_Iteration instead.
2021-02-18 22:36:16,019 INFO    Summary name Loss vs Iteration is illegal; using Loss_vs_Iteration instead.
2021-02-18 22:36:16,601 INFO    Summary name Loss vs Iteration is illegal; using Loss_vs_Iteration instead.
2021-02-18 22:36:17,181 INFO    Summary name Loss vs Iteration is illegal; using Loss_vs_Iteration instead.
2021-02-18 22:36:17,762 INFO    Summary name Loss vs Iteration is illegal; using Loss_vs_Iteration instead.
2021-02-18 22:36:18,343 INFO    Summary name Loss vs Iteration is illegal; using Loss_vs_Iteration instead.
2021-02-18 22:36:18,923 INFO    Summary name Loss vs Iteration is illegal; using Loss_vs_Iteration instead.
2021-02-18 22:36:19,506 INFO    Summary name Loss vs Iteration is illegal; using Loss_vs_Iteration instead.
2021-02-18 22:36:20,087 INFO    Summary name Loss vs Iteration is illegal; using Loss_vs_Iteration instead.
2021-02-18 22:36:20,668 INFO    Summary name Loss vs Iteration is illegal; using Loss_vs_Iteration instead.
2021-02-18 22:36:21,256 INFO    Summary name Loss vs Iteration is illegal; using Loss_vs_Iteration instead.
2021-02-18 22:36:21,838 INFO    Summary name Loss vs Iteration is illegal; using Loss_vs_Iteration instead.
2021-02-18 22:36:22,419 INFO    Summary name Loss vs Iteration is illegal; using Loss_vs_Iteration instead.
2021-02-18 22:36:22,999 INFO    Summary name Loss vs Iteration is illegal; using Loss_vs_Iteration instead.
2021-02-18 22:36:23,579 INFO    Summary name Loss vs Iteration is illegal; using Loss_vs_Iteration instead.
2021-02-18 22:36:24,161 INFO    Summary name Loss vs Iteration is illegal; using Loss_vs_Iteration instead.
2021-02-18 22:36:24,747 INFO    Summary name Loss vs Iteration is illegal; using Loss_vs_Iteration instead.
2021-02-18 22:36:25,328 INFO    Summary name Loss vs Iteration is illegal; using Loss_vs_Iteration instead.
2021-02-18 22:36:25,909 INFO    Summary name Loss vs Iteration is illegal; using Loss_vs_Iteration instead.
2021-02-18 22:36:26,492 INFO    Summary name Loss vs Iteration is illegal; using Loss_vs_Iteration instead.
2021-02-18 22:36:27,071 INFO    Summary name Loss vs Iteration is illegal; using Loss_vs_Iteration instead.
2021-02-18 22:36:27,652 INFO    Summary name Loss vs Iteration is illegal; using Loss_vs_Iteration instead.
2021-02-18 22:36:28,237 INFO    Summary name Loss vs Iteration is illegal; using Loss_vs_Iteration instead.
2021-02-18 22:36:28,817 INFO    Summary name Loss vs Iteration is illegal; using Loss_vs_Iteration instead.
2021-02-18 22:36:29,397 INFO    Summary name Loss vs Iteration is illegal; using Loss_vs_Iteration instead.
2021-02-18 22:36:29,977 INFO    Summary name Loss vs Iteration is illegal; using Loss_vs_Iteration instead.
2021-02-18 22:36:30,557 INFO    Summary name Loss vs Iteration is illegal; using Loss_vs_Iteration instead.
2021-02-18 22:36:31,140 INFO    Summary name Loss vs Iteration is illegal; using Loss_vs_Iteration instead.
2021-02-18 22:36:31,723 INFO    Summary name Loss vs Iteration is illegal; using Loss_vs_Iteration instead.
2021-02-18 22:36:32,307 INFO    Summary name Loss vs Iteration is illegal; using Loss_vs_Iteration instead.
2021-02-18 22:36:32,892 INFO    Summary name Loss vs Iteration is illegal; using Loss_vs_Iteration instead.
2021-02-18 22:36:33,476 INFO    Summary name Loss vs Iteration is illegal; using Loss_vs_Iteration instead.
2021-02-18 22:36:34,058 INFO    Summary name Loss vs Iteration is illegal; using Loss_vs_Iteration instead.
2021-02-18 22:36:34,639 INFO    Summary name Loss vs Iteration is illegal; using Loss_vs_Iteration instead.
2021-02-18 22:36:35,220 INFO    Summary name Loss vs Iteration is illegal; using Loss_vs_Iteration instead.
2021-02-18 22:36:35,801 INFO    Summary name Loss vs Iteration is illegal; using Loss_vs_Iteration instead.
2021-02-18 22:36:36,385 INFO    Summary name Loss vs Iteration is illegal; using Loss_vs_Iteration instead.
2021-02-18 22:36:36,966 INFO    Summary name Loss vs Iteration is illegal; using Loss_vs_Iteration instead.
2021-02-18 22:36:37,551 INFO    Summary name Loss vs Iteration is illegal; using Loss_vs_Iteration instead.
2021-02-18 22:36:38,137 INFO    Summary name Loss vs Iteration is illegal; using Loss_vs_Iteration instead.
2021-02-18 22:36:38,718 INFO    Summary name Loss vs Iteration is illegal; using Loss_vs_Iteration instead.
2021-02-18 22:36:39,298 INFO    Summary name Loss vs Iteration is illegal; using Loss_vs_Iteration instead.
2021-02-18 22:36:39,881 INFO    Summary name Loss vs Iteration is illegal; using Loss_vs_Iteration instead.
2021-02-18 22:36:40,467 INFO    Summary name Loss vs Iteration is illegal; using Loss_vs_Iteration instead.
2021-02-18 22:36:41,050 INFO    Summary name Loss vs Iteration is illegal; using Loss_vs_Iteration instead.
2021-02-18 22:36:41,631 INFO    Summary name Loss vs Iteration is illegal; using Loss_vs_Iteration instead.
2021-02-18 22:36:42,215 INFO    Summary name Loss vs Iteration is illegal; using Loss_vs_Iteration instead.
2021-02-18 22:36:42,794 INFO    Summary name Loss vs Iteration is illegal; using Loss_vs_Iteration instead.
2021-02-18 22:36:43,380 INFO    Summary name Loss vs Iteration is illegal; using Loss_vs_Iteration instead.
2021-02-18 22:36:43,963 INFO    Summary name Loss vs Iteration is illegal; using Loss_vs_Iteration instead.
2021-02-18 22:36:44,545 INFO    Summary name Loss vs Iteration is illegal; using Loss_vs_Iteration instead.
2021-02-18 22:36:45,130 INFO    Summary name Loss vs Iteration is illegal; using Loss_vs_Iteration instead.
2021-02-18 22:36:45,711 INFO    Summary name Loss vs Iteration is illegal; using Loss_vs_Iteration instead.
2021-02-18 22:36:46,292 INFO    Summary name Loss vs Iteration is illegal; using Loss_vs_Iteration instead.
2021-02-18 22:36:46,878 INFO    Summary name Loss vs Iteration is illegal; using Loss_vs_Iteration instead.
2021-02-18 22:36:47,456 INFO    Summary name Loss vs Iteration is illegal; using Loss_vs_Iteration instead.
2021-02-18 22:36:48,040 INFO    Summary name Loss vs Iteration is illegal; using Loss_vs_Iteration instead.
2021-02-18 22:36:48,623 INFO    Summary name Loss vs Iteration is illegal; using Loss_vs_Iteration instead.
2021-02-18 22:36:49,207 INFO    Summary name Loss vs Iteration is illegal; using Loss_vs_Iteration instead.
2021-02-18 22:36:49,793 INFO    Summary name Loss vs Iteration is illegal; using Loss_vs_Iteration instead.
2021-02-18 22:36:50,378 INFO    Summary name Loss vs Iteration is illegal; using Loss_vs_Iteration instead.
2021-02-18 22:36:50,962 INFO    Summary name Loss vs Iteration is illegal; using Loss_vs_Iteration instead.
2021-02-18 22:36:51,542 INFO    Summary name Loss vs Iteration is illegal; using Loss_vs_Iteration instead.
2021-02-18 22:36:52,128 INFO    Summary name Loss vs Iteration is illegal; using Loss_vs_Iteration instead.
2021-02-18 22:36:52,711 INFO    Summary name Loss vs Iteration is illegal; using Loss_vs_Iteration instead.
2021-02-18 22:36:53,292 INFO    Summary name Loss vs Iteration is illegal; using Loss_vs_Iteration instead.
2021-02-18 22:36:53,879 INFO    Summary name Loss vs Iteration is illegal; using Loss_vs_Iteration instead.
2021-02-18 22:36:54,462 INFO    Summary name Loss vs Iteration is illegal; using Loss_vs_Iteration instead.
2021-02-18 22:36:55,043 INFO    Summary name Loss vs Iteration is illegal; using Loss_vs_Iteration instead.
2021-02-18 22:36:55,629 INFO    Summary name Loss vs Iteration is illegal; using Loss_vs_Iteration instead.
2021-02-18 22:36:56,210 INFO    Summary name Loss vs Iteration is illegal; using Loss_vs_Iteration instead.
2021-02-18 22:36:56,791 INFO    Summary name Loss vs Iteration is illegal; using Loss_vs_Iteration instead.
2021-02-18 22:36:57,377 INFO    Summary name Loss vs Iteration is illegal; using Loss_vs_Iteration instead.
2021-02-18 22:36:57,959 INFO    Summary name Loss vs Iteration is illegal; using Loss_vs_Iteration instead.
2021-02-18 22:36:58,545 INFO    Summary name Loss vs Iteration is illegal; using Loss_vs_Iteration instead.
2021-02-18 22:36:59,128 INFO    Summary name Loss vs Iteration is illegal; using Loss_vs_Iteration instead.
2021-02-18 22:36:59,709 INFO    Summary name Loss vs Iteration is illegal; using Loss_vs_Iteration instead.
2021-02-18 22:37:00,292 INFO    Summary name Loss vs Iteration is illegal; using Loss_vs_Iteration instead.
2021-02-18 22:37:00,877 INFO    Summary name Loss vs Iteration is illegal; using Loss_vs_Iteration instead.
2021-02-18 22:37:01,460 INFO    Summary name Loss vs Iteration is illegal; using Loss_vs_Iteration instead.
2021-02-18 22:37:02,041 INFO    Summary name Loss vs Iteration is illegal; using Loss_vs_Iteration instead.
2021-02-18 22:37:02,628 INFO    Summary name Loss vs Iteration is illegal; using Loss_vs_Iteration instead.
2021-02-18 22:37:03,212 INFO    Summary name Loss vs Iteration is illegal; using Loss_vs_Iteration instead.
2021-02-18 22:37:03,775 INFO    Summary name Loss vs Iteration is illegal; using Loss_vs_Iteration instead.
2021-02-18 22:37:04,343 INFO    Summary name Loss vs Iteration is illegal; using Loss_vs_Iteration instead.
2021-02-18 22:37:04,909 INFO    Summary name Loss vs Iteration is illegal; using Loss_vs_Iteration instead.
2021-02-18 22:37:05,413 INFO    Summary name Loss vs Iteration is illegal; using Loss_vs_Iteration instead.
2021-02-18 22:37:05,918 INFO    Summary name Loss vs Iteration is illegal; using Loss_vs_Iteration instead.
2021-02-18 22:37:06,425 INFO    Summary name Loss vs Iteration is illegal; using Loss_vs_Iteration instead.
2021-02-18 22:37:06,930 INFO    Summary name Loss vs Iteration is illegal; using Loss_vs_Iteration instead.
2021-02-18 22:37:07,434 INFO    Summary name Loss vs Iteration is illegal; using Loss_vs_Iteration instead.
2021-02-18 22:37:08,050 INFO    Summary name Loss vs Iteration is illegal; using Loss_vs_Iteration instead.
2021-02-18 22:37:08,632 INFO    Summary name Loss vs Iteration is illegal; using Loss_vs_Iteration instead.
2021-02-18 22:37:09,225 INFO    Summary name Loss vs Iteration is illegal; using Loss_vs_Iteration instead.
2021-02-18 22:37:09,810 INFO    Summary name Loss vs Iteration is illegal; using Loss_vs_Iteration instead.
2021-02-18 22:37:10,391 INFO    Summary name Loss vs Iteration is illegal; using Loss_vs_Iteration instead.
2021-02-18 22:37:10,978 INFO    Summary name Loss vs Iteration is illegal; using Loss_vs_Iteration instead.
2021-02-18 22:37:11,562 INFO    Summary name Loss vs Iteration is illegal; using Loss_vs_Iteration instead.
2021-02-18 22:37:12,144 INFO    Summary name Loss vs Iteration is illegal; using Loss_vs_Iteration instead.
2021-02-18 22:37:12,729 INFO    Summary name Loss vs Iteration is illegal; using Loss_vs_Iteration instead.
2021-02-18 22:37:13,310 INFO    Summary name Loss vs Iteration is illegal; using Loss_vs_Iteration instead.
2021-02-18 22:37:13,892 INFO    Summary name Loss vs Iteration is illegal; using Loss_vs_Iteration instead.
2021-02-18 22:37:14,473 INFO    Summary name Loss vs Iteration is illegal; using Loss_vs_Iteration instead.
2021-02-18 22:37:15,053 INFO    Summary name Loss vs Iteration is illegal; using Loss_vs_Iteration instead.
2021-02-18 22:37:15,634 INFO    Summary name Loss vs Iteration is illegal; using Loss_vs_Iteration instead.
2021-02-18 22:37:16,214 INFO    Summary name Loss vs Iteration is illegal; using Loss_vs_Iteration instead.
2021-02-18 22:37:16,792 INFO    Summary name Loss vs Iteration is illegal; using Loss_vs_Iteration instead.
2021-02-18 22:37:17,371 INFO    Summary name Loss vs Iteration is illegal; using Loss_vs_Iteration instead.
2021-02-18 22:37:17,954 INFO    Summary name Loss vs Iteration is illegal; using Loss_vs_Iteration instead.
2021-02-18 22:37:18,537 INFO    Summary name Loss vs Iteration is illegal; using Loss_vs_Iteration instead.
2021-02-18 22:37:19,119 INFO    Summary name Loss vs Iteration is illegal; using Loss_vs_Iteration instead.
2021-02-18 22:37:19,701 INFO    Summary name Loss vs Iteration is illegal; using Loss_vs_Iteration instead.
2021-02-18 22:37:20,282 INFO    Summary name Loss vs Iteration is illegal; using Loss_vs_Iteration instead.
2021-02-18 22:37:20,864 INFO    Summary name Loss vs Iteration is illegal; using Loss_vs_Iteration instead.
2021-02-18 22:37:21,316 INFO    Summary name Loss vs Epoch is illegal; using Loss_vs_Epoch instead.
2021-02-18 22:37:22,236 INFO    Summary name Loss vs Iteration is illegal; using Loss_vs_Iteration instead.
2021-02-18 22:37:22,826 INFO    Summary name Loss vs Iteration is illegal; using Loss_vs_Iteration instead.
2021-02-18 22:37:23,420 INFO    Summary name Loss vs Iteration is illegal; using Loss_vs_Iteration instead.
2021-02-18 22:37:24,001 INFO    Summary name Loss vs Iteration is illegal; using Loss_vs_Iteration instead.
2021-02-18 22:37:24,582 INFO    Summary name Loss vs Iteration is illegal; using Loss_vs_Iteration instead.
2021-02-18 22:37:25,167 INFO    Summary name Loss vs Iteration is illegal; using Loss_vs_Iteration instead.
2021-02-18 22:37:25,748 INFO    Summary name Loss vs Iteration is illegal; using Loss_vs_Iteration instead.
2021-02-18 22:37:26,331 INFO    Summary name Loss vs Iteration is illegal; using Loss_vs_Iteration instead.
2021-02-18 22:37:26,917 INFO    Summary name Loss vs Iteration is illegal; using Loss_vs_Iteration instead.
2021-02-18 22:37:27,498 INFO    Summary name Loss vs Iteration is illegal; using Loss_vs_Iteration instead.
2021-02-18 22:37:28,078 INFO    Summary name Loss vs Iteration is illegal; using Loss_vs_Iteration instead.
2021-02-18 22:37:28,661 INFO    Summary name Loss vs Iteration is illegal; using Loss_vs_Iteration instead.
2021-02-18 22:37:29,246 INFO    Summary name Loss vs Iteration is illegal; using Loss_vs_Iteration instead.
2021-02-18 22:37:29,831 INFO    Summary name Loss vs Iteration is illegal; using Loss_vs_Iteration instead.
2021-02-18 22:37:30,415 INFO    Summary name Loss vs Iteration is illegal; using Loss_vs_Iteration instead.
2021-02-18 22:37:30,997 INFO    Summary name Loss vs Iteration is illegal; using Loss_vs_Iteration instead.
2021-02-18 22:37:31,580 INFO    Summary name Loss vs Iteration is illegal; using Loss_vs_Iteration instead.
2021-02-18 22:37:32,160 INFO    Summary name Loss vs Iteration is illegal; using Loss_vs_Iteration instead.
2021-02-18 22:37:32,745 INFO    Summary name Loss vs Iteration is illegal; using Loss_vs_Iteration instead.
2021-02-18 22:37:33,328 INFO    Summary name Loss vs Iteration is illegal; using Loss_vs_Iteration instead.
2021-02-18 22:37:33,907 INFO    Summary name Loss vs Iteration is illegal; using Loss_vs_Iteration instead.
2021-02-18 22:37:34,487 INFO    Summary name Loss vs Iteration is illegal; using Loss_vs_Iteration instead.
2021-02-18 22:37:35,073 INFO    Summary name Loss vs Iteration is illegal; using Loss_vs_Iteration instead.
2021-02-18 22:37:35,655 INFO    Summary name Loss vs Iteration is illegal; using Loss_vs_Iteration instead.
2021-02-18 22:37:36,238 INFO    Summary name Loss vs Iteration is illegal; using Loss_vs_Iteration instead.
2021-02-18 22:37:36,820 INFO    Summary name Loss vs Iteration is illegal; using Loss_vs_Iteration instead.
2021-02-18 22:37:37,401 INFO    Summary name Loss vs Iteration is illegal; using Loss_vs_Iteration instead.
2021-02-18 22:37:37,985 INFO    Summary name Loss vs Iteration is illegal; using Loss_vs_Iteration instead.
2021-02-18 22:37:38,567 INFO    Summary name Loss vs Iteration is illegal; using Loss_vs_Iteration instead.
2021-02-18 22:37:39,149 INFO    Summary name Loss vs Iteration is illegal; using Loss_vs_Iteration instead.
2021-02-18 22:37:39,733 INFO    Summary name Loss vs Iteration is illegal; using Loss_vs_Iteration instead.
2021-02-18 22:37:40,315 INFO    Summary name Loss vs Iteration is illegal; using Loss_vs_Iteration instead.
2021-02-18 22:37:40,899 INFO    Summary name Loss vs Iteration is illegal; using Loss_vs_Iteration instead.
2021-02-18 22:37:41,480 INFO    Summary name Loss vs Iteration is illegal; using Loss_vs_Iteration instead.
2021-02-18 22:37:42,060 INFO    Summary name Loss vs Iteration is illegal; using Loss_vs_Iteration instead.
2021-02-18 22:37:42,643 INFO    Summary name Loss vs Iteration is illegal; using Loss_vs_Iteration instead.
2021-02-18 22:37:43,226 INFO    Summary name Loss vs Iteration is illegal; using Loss_vs_Iteration instead.
2021-02-18 22:37:43,807 INFO    Summary name Loss vs Iteration is illegal; using Loss_vs_Iteration instead.
2021-02-18 22:37:44,391 INFO    Summary name Loss vs Iteration is illegal; using Loss_vs_Iteration instead.
2021-02-18 22:37:44,974 INFO    Summary name Loss vs Iteration is illegal; using Loss_vs_Iteration instead.
2021-02-18 22:37:45,558 INFO    Summary name Loss vs Iteration is illegal; using Loss_vs_Iteration instead.
2021-02-18 22:37:46,138 INFO    Summary name Loss vs Iteration is illegal; using Loss_vs_Iteration instead.
2021-02-18 22:37:46,724 INFO    Summary name Loss vs Iteration is illegal; using Loss_vs_Iteration instead.
2021-02-18 22:37:47,304 INFO    Summary name Loss vs Iteration is illegal; using Loss_vs_Iteration instead.
2021-02-18 22:37:47,888 INFO    Summary name Loss vs Iteration is illegal; using Loss_vs_Iteration instead.
2021-02-18 22:37:48,470 INFO    Summary name Loss vs Iteration is illegal; using Loss_vs_Iteration instead.
2021-02-18 22:37:49,050 INFO    Summary name Loss vs Iteration is illegal; using Loss_vs_Iteration instead.
2021-02-18 22:37:49,635 INFO    Summary name Loss vs Iteration is illegal; using Loss_vs_Iteration instead.
2021-02-18 22:37:50,218 INFO    Summary name Loss vs Iteration is illegal; using Loss_vs_Iteration instead.
2021-02-18 22:37:50,801 INFO    Summary name Loss vs Iteration is illegal; using Loss_vs_Iteration instead.
2021-02-18 22:37:51,383 INFO    Summary name Loss vs Iteration is illegal; using Loss_vs_Iteration instead.
2021-02-18 22:37:51,967 INFO    Summary name Loss vs Iteration is illegal; using Loss_vs_Iteration instead.
2021-02-18 22:37:52,550 INFO    Summary name Loss vs Iteration is illegal; using Loss_vs_Iteration instead.
2021-02-18 22:37:53,134 INFO    Summary name Loss vs Iteration is illegal; using Loss_vs_Iteration instead.
2021-02-18 22:37:53,718 INFO    Summary name Loss vs Iteration is illegal; using Loss_vs_Iteration instead.
2021-02-18 22:37:54,297 INFO    Summary name Loss vs Iteration is illegal; using Loss_vs_Iteration instead.
2021-02-18 22:37:54,884 INFO    Summary name Loss vs Iteration is illegal; using Loss_vs_Iteration instead.
2021-02-18 22:37:55,468 INFO    Summary name Loss vs Iteration is illegal; using Loss_vs_Iteration instead.
2021-02-18 22:37:56,047 INFO    Summary name Loss vs Iteration is illegal; using Loss_vs_Iteration instead.
2021-02-18 22:37:56,631 INFO    Summary name Loss vs Iteration is illegal; using Loss_vs_Iteration instead.
2021-02-18 22:37:57,212 INFO    Summary name Loss vs Iteration is illegal; using Loss_vs_Iteration instead.
2021-02-18 22:37:57,794 INFO    Summary name Loss vs Iteration is illegal; using Loss_vs_Iteration instead.
2021-02-18 22:37:58,375 INFO    Summary name Loss vs Iteration is illegal; using Loss_vs_Iteration instead.
2021-02-18 22:37:58,955 INFO    Summary name Loss vs Iteration is illegal; using Loss_vs_Iteration instead.
2021-02-18 22:37:59,538 INFO    Summary name Loss vs Iteration is illegal; using Loss_vs_Iteration instead.
2021-02-18 22:38:00,121 INFO    Summary name Loss vs Iteration is illegal; using Loss_vs_Iteration instead.
2021-02-18 22:38:00,706 INFO    Summary name Loss vs Iteration is illegal; using Loss_vs_Iteration instead.
2021-02-18 22:38:01,291 INFO    Summary name Loss vs Iteration is illegal; using Loss_vs_Iteration instead.
2021-02-18 22:38:01,873 INFO    Summary name Loss vs Iteration is illegal; using Loss_vs_Iteration instead.
2021-02-18 22:38:02,455 INFO    Summary name Loss vs Iteration is illegal; using Loss_vs_Iteration instead.
2021-02-18 22:38:03,034 INFO    Summary name Loss vs Iteration is illegal; using Loss_vs_Iteration instead.
2021-02-18 22:38:03,617 INFO    Summary name Loss vs Iteration is illegal; using Loss_vs_Iteration instead.
2021-02-18 22:38:04,200 INFO    Summary name Loss vs Iteration is illegal; using Loss_vs_Iteration instead.
2021-02-18 22:38:04,782 INFO    Summary name Loss vs Iteration is illegal; using Loss_vs_Iteration instead.
2021-02-18 22:38:05,362 INFO    Summary name Loss vs Iteration is illegal; using Loss_vs_Iteration instead.
2021-02-18 22:38:05,942 INFO    Summary name Loss vs Iteration is illegal; using Loss_vs_Iteration instead.
2021-02-18 22:38:06,527 INFO    Summary name Loss vs Iteration is illegal; using Loss_vs_Iteration instead.
2021-02-18 22:38:07,112 INFO    Summary name Loss vs Iteration is illegal; using Loss_vs_Iteration instead.
2021-02-18 22:38:07,696 INFO    Summary name Loss vs Iteration is illegal; using Loss_vs_Iteration instead.
2021-02-18 22:38:08,277 INFO    Summary name Loss vs Iteration is illegal; using Loss_vs_Iteration instead.
2021-02-18 22:38:08,860 INFO    Summary name Loss vs Iteration is illegal; using Loss_vs_Iteration instead.
2021-02-18 22:38:09,445 INFO    Summary name Loss vs Iteration is illegal; using Loss_vs_Iteration instead.
2021-02-18 22:38:10,025 INFO    Summary name Loss vs Iteration is illegal; using Loss_vs_Iteration instead.
2021-02-18 22:38:10,612 INFO    Summary name Loss vs Iteration is illegal; using Loss_vs_Iteration instead.
2021-02-18 22:38:11,193 INFO    Summary name Loss vs Iteration is illegal; using Loss_vs_Iteration instead.
2021-02-18 22:38:11,777 INFO    Summary name Loss vs Iteration is illegal; using Loss_vs_Iteration instead.
2021-02-18 22:38:12,357 INFO    Summary name Loss vs Iteration is illegal; using Loss_vs_Iteration instead.
2021-02-18 22:38:12,940 INFO    Summary name Loss vs Iteration is illegal; using Loss_vs_Iteration instead.
2021-02-18 22:38:13,520 INFO    Summary name Loss vs Iteration is illegal; using Loss_vs_Iteration instead.
2021-02-18 22:38:14,100 INFO    Summary name Loss vs Iteration is illegal; using Loss_vs_Iteration instead.
2021-02-18 22:38:14,683 INFO    Summary name Loss vs Iteration is illegal; using Loss_vs_Iteration instead.
2021-02-18 22:38:15,266 INFO    Summary name Loss vs Iteration is illegal; using Loss_vs_Iteration instead.
2021-02-18 22:38:15,852 INFO    Summary name Loss vs Iteration is illegal; using Loss_vs_Iteration instead.
2021-02-18 22:38:16,434 INFO    Summary name Loss vs Iteration is illegal; using Loss_vs_Iteration instead.
2021-02-18 22:38:17,015 INFO    Summary name Loss vs Iteration is illegal; using Loss_vs_Iteration instead.
2021-02-18 22:38:17,597 INFO    Summary name Loss vs Iteration is illegal; using Loss_vs_Iteration instead.
2021-02-18 22:38:18,179 INFO    Summary name Loss vs Iteration is illegal; using Loss_vs_Iteration instead.
2021-02-18 22:38:18,758 INFO    Summary name Loss vs Iteration is illegal; using Loss_vs_Iteration instead.
2021-02-18 22:38:19,342 INFO    Summary name Loss vs Iteration is illegal; using Loss_vs_Iteration instead.
2021-02-18 22:38:19,925 INFO    Summary name Loss vs Iteration is illegal; using Loss_vs_Iteration instead.
2021-02-18 22:38:20,506 INFO    Summary name Loss vs Iteration is illegal; using Loss_vs_Iteration instead.
2021-02-18 22:38:21,085 INFO    Summary name Loss vs Iteration is illegal; using Loss_vs_Iteration instead.
2021-02-18 22:38:21,666 INFO    Summary name Loss vs Iteration is illegal; using Loss_vs_Iteration instead.
2021-02-18 22:38:22,248 INFO    Summary name Loss vs Iteration is illegal; using Loss_vs_Iteration instead.
2021-02-18 22:38:22,831 INFO    Summary name Loss vs Iteration is illegal; using Loss_vs_Iteration instead.
2021-02-18 22:38:23,412 INFO    Summary name Loss vs Iteration is illegal; using Loss_vs_Iteration instead.
2021-02-18 22:38:23,992 INFO    Summary name Loss vs Iteration is illegal; using Loss_vs_Iteration instead.
2021-02-18 22:38:24,574 INFO    Summary name Loss vs Iteration is illegal; using Loss_vs_Iteration instead.
2021-02-18 22:38:25,158 INFO    Summary name Loss vs Iteration is illegal; using Loss_vs_Iteration instead.
2021-02-18 22:38:25,738 INFO    Summary name Loss vs Iteration is illegal; using Loss_vs_Iteration instead.
2021-02-18 22:38:26,321 INFO    Summary name Loss vs Iteration is illegal; using Loss_vs_Iteration instead.
2021-02-18 22:38:26,906 INFO    Summary name Loss vs Iteration is illegal; using Loss_vs_Iteration instead.
2021-02-18 22:38:27,489 INFO    Summary name Loss vs Iteration is illegal; using Loss_vs_Iteration instead.
2021-02-18 22:38:28,070 INFO    Summary name Loss vs Iteration is illegal; using Loss_vs_Iteration instead.
2021-02-18 22:38:28,651 INFO    Summary name Loss vs Iteration is illegal; using Loss_vs_Iteration instead.
2021-02-18 22:38:29,230 INFO    Summary name Loss vs Iteration is illegal; using Loss_vs_Iteration instead.
2021-02-18 22:38:29,809 INFO    Summary name Loss vs Iteration is illegal; using Loss_vs_Iteration instead.
2021-02-18 22:38:30,387 INFO    Summary name Loss vs Iteration is illegal; using Loss_vs_Iteration instead.
2021-02-18 22:38:30,970 INFO    Summary name Loss vs Iteration is illegal; using Loss_vs_Iteration instead.
2021-02-18 22:38:31,552 INFO    Summary name Loss vs Iteration is illegal; using Loss_vs_Iteration instead.
2021-02-18 22:38:32,134 INFO    Summary name Loss vs Iteration is illegal; using Loss_vs_Iteration instead.
2021-02-18 22:38:32,716 INFO    Summary name Loss vs Iteration is illegal; using Loss_vs_Iteration instead.
2021-02-18 22:38:33,179 INFO    Summary name Loss vs Epoch is illegal; using Loss_vs_Epoch instead.
2021-02-18 22:38:33,225 INFO    [train_distribute.py, 301] Training cost: 371.511964083seconds
2021-02-18 22:38:33,226 INFO    [train_distribute.py, 302] Save final models
2021-02-18 22:42:49,243 INFO    [train_distribute.py, 178] train from scratch
2021-02-18 22:48:58,749 INFO    [train_distribute.py, 301] Training cost: 370.953263044seconds
2021-02-18 22:48:58,750 INFO    [train_distribute.py, 302] Save final models
2021-02-19 10:57:00,214 INFO    [train_distribute.py, 178] train from scratch
2021-02-19 10:58:16,408 INFO    [train_distribute.py, 178] train from scratch
2021-02-19 11:02:40,319 INFO    [train_distribute.py, 178] train from scratch
2021-02-19 11:03:52,594 INFO    [train_distribute.py, 178] train from scratch
2021-02-19 11:13:15,001 INFO    [train_distribute.py, 178] train from scratch
2021-02-19 13:05:46,574 INFO    [train_distribute.py, 301] Training cost: 6752.94197512seconds
2021-02-19 13:05:46,575 INFO    [train_distribute.py, 302] Save final models
2021-02-19 14:07:04,334 INFO    [train_distribute.py, 178] train from scratch
2021-02-19 19:54:15,289 INFO    [train_distribute.py, 179] train from scratch
2021-02-19 19:54:50,114 INFO    [train_distribute.py, 179] train from scratch
2021-02-19 23:27:39,511 INFO    [train_distribute.py, 301] Training cost: 33636.6544092seconds
2021-02-19 23:27:39,512 INFO    [train_distribute.py, 302] Save final models
2021-02-20 08:13:15,811 INFO    [train_distribute.py, 179] train from scratch
2021-02-20 08:18:11,304 INFO    [train_distribute.py, 179] train from scratch
2021-02-20 08:18:55,186 INFO    [train_distribute.py, 179] train from scratch
2021-02-20 08:19:55,185 INFO    [train_distribute.py, 179] train from scratch
2021-02-20 08:21:14,000 INFO    [train_distribute.py, 179] train from scratch
2021-02-20 08:22:05,230 INFO    [train_distribute.py, 179] train from scratch
2021-02-20 08:27:39,093 INFO    [train_distribute.py, 180] train from scratch
2021-02-20 08:30:52,975 INFO    [train_distribute.py, 180] train from scratch
2021-02-20 08:36:42,903 INFO    [train_distribute.py, 181] train from scratch
2021-02-20 10:36:33,676 INFO    [train_distribute.py, 181] train from scratch
2021-02-20 10:38:31,046 INFO    [train_distribute.py, 178] train from scratch
2021-02-20 10:39:02,876 INFO    [train_distribute.py, 178] train from scratch
2021-02-20 10:39:42,130 INFO    [train_distribute.py, 178] train from scratch
2021-02-20 10:40:46,369 INFO    [train_distribute.py, 178] train from scratch
2021-02-20 10:46:04,088 INFO    [train_distribute.py, 178] train from scratch
2021-02-20 10:49:14,829 INFO    [train_distribute.py, 178] train from scratch
2021-02-20 19:38:16,743 INFO    [train_distribute.py, 178] train from scratch
2021-02-20 19:39:50,258 INFO    [train_distribute.py, 178] train from scratch
2021-02-20 19:41:17,266 INFO    [train_distribute.py, 178] train from scratch
2021-02-20 19:49:05,489 INFO    [train_distribute.py, 178] train from scratch
2021-02-20 19:50:35,147 INFO    [train_distribute.py, 178] train from scratch
2021-02-20 21:03:11,315 INFO    [train_distribute.py, 178] train from scratch
2021-02-20 21:13:38,775 INFO    [train_distribute.py, 178] train from scratch
2021-02-20 21:17:37,112 INFO    [train_distribute.py, 178] train from scratch
2021-02-20 21:29:54,262 INFO    [train_distribute.py, 178] train from scratch
2021-02-20 21:30:28,863 INFO    [train_distribute.py, 178] train from scratch
2021-02-20 21:36:27,837 INFO    [train_distribute.py, 178] train from scratch
2021-02-20 21:48:19,705 INFO    [train_distribute.py, 178] train from scratch
2021-02-20 21:54:31,280 INFO    [train_distribute.py, 178] train from scratch
2021-02-20 21:55:41,544 INFO    [train_distribute.py, 178] train from scratch
2021-02-20 22:06:43,752 INFO    [train_distribute.py, 178] train from scratch
2021-02-20 22:07:18,389 INFO    [train_distribute.py, 178] train from scratch
2021-02-20 22:09:46,324 INFO    [train_distribute.py, 178] train from scratch
2021-02-20 22:13:08,240 INFO    [train_distribute.py, 178] train from scratch
2021-02-20 22:14:02,733 INFO    [train_distribute.py, 178] train from scratch
2021-02-20 22:16:28,107 INFO    [train_distribute.py, 178] train from scratch
2021-02-20 22:18:22,403 INFO    [train_distribute.py, 178] train from scratch
2021-02-20 22:24:18,174 INFO    [train_distribute.py, 178] train from scratch
2021-02-20 22:28:15,515 INFO    [train_distribute.py, 178] train from scratch
2021-02-20 22:29:44,991 INFO    [train_distribute.py, 178] train from scratch
2021-02-20 22:41:55,115 INFO    [train_distribute.py, 178] train from scratch
2021-02-20 22:42:45,549 INFO    [train_distribute.py, 178] train from scratch
2021-05-11 11:20:25,574 INFO    [train_distribute.py, 178] train from scratch
2021-05-11 11:34:22,121 INFO    [train_distribute.py, 178] train from scratch
